{
  meta: {
    req: {
      url: '/columns/1',
      headers: {
        host: 'localhost:8000',
        connection: 'keep-alive',
        'sec-ch-ua-platform': '"Windows"',
        'user-agent': 'Mozilla/5.0 (Windows NT 10.0; Win64; x64) AppleWebKit/537.36 (KHTML, like Gecko) Chrome/131.0.0.0 Safari/537.36',
        accept: 'application/json, text/plain, */*',
        'sec-ch-ua': '"Brave";v="131", "Chromium";v="131", "Not_A Brand";v="24"',
        'sec-ch-ua-mobile': '?0',
        'sec-gpc': '1',
        'accept-language': 'en-US,en',
        origin: 'http://localhost:3000',
        'sec-fetch-site': 'same-site',
        'sec-fetch-mode': 'cors',
        'sec-fetch-dest': 'empty',
        referer: 'http://localhost:3000/',
        'accept-encoding': 'gzip, deflate, br, zstd',
        'if-none-match': 'W/"14fa-MYXSqTm+9bkyMTIq7XgVKCgstDU"'
      },
      method: 'GET',
      httpVersion: '1.1',
      originalUrl: '/columns/1',
      query: {}
    },
    res: { statusCode: 304 },
    responseTime: 135
  },
  level: 'info',
  message: 'GET /columns/1 304 135ms',
  timestamp: '2024-11-24T19:08:23.926Z'
}
{
  meta: {
    req: {
      url: '/tasks/1',
      headers: {
        host: 'localhost:8000',
        connection: 'keep-alive',
        'sec-ch-ua-platform': '"Windows"',
        'user-agent': 'Mozilla/5.0 (Windows NT 10.0; Win64; x64) AppleWebKit/537.36 (KHTML, like Gecko) Chrome/131.0.0.0 Safari/537.36',
        accept: 'application/json, text/plain, */*',
        'sec-ch-ua': '"Brave";v="131", "Chromium";v="131", "Not_A Brand";v="24"',
        'sec-ch-ua-mobile': '?0',
        'sec-gpc': '1',
        'accept-language': 'en-US,en',
        origin: 'http://localhost:3000',
        'sec-fetch-site': 'same-site',
        'sec-fetch-mode': 'cors',
        'sec-fetch-dest': 'empty',
        referer: 'http://localhost:3000/',
        'accept-encoding': 'gzip, deflate, br, zstd',
        'if-none-match': 'W/"1a93-wEnDk2efPLfpXce6kb1nO0JLd5Y"'
      },
      method: 'GET',
      httpVersion: '1.1',
      originalUrl: '/tasks/1',
      query: {}
    },
    res: {
      statusCode: 500,
      body: { error: { message: 'A database error occurred' } }
    },
    responseTime: 155
  },
  level: 'info',
  message: 'GET /tasks/1 500 155ms',
  timestamp: '2024-11-24T19:08:23.952Z'
}
